<?xml version="1.0" encoding="UTF-8"?>
<!-- Generated by org.testng.reporters.JUnitReportReporter -->
<testsuite hostname="Muhammads-MBP-4.home" name="com.PageTitel.interview.Page_Titel" tests="1" failures="0" timestamp="27 May 2016 08:41:03 GMT" time="3.337" errors="0">
  <testcase name="PageTitle" time="3.337" classname="com.PageTitel.interview.Page_Titel"/>
</testsuite> <!-- com.PageTitel.interview.Page_Titel -->
